🚀 Starting Solienne fast import
📁 Source: /Users/seth/Desktop/solienne.outputs/solienne_creations
🎯 Target: eden/solienne/generations
📦 Batch size: 50
📊 Found 1777 generations

📦 Batch 1/36 (items 1-50)
  ✅ Success: 50, ❌ Failed: 0

📦 Batch 2/36 (items 51-100)
  ✅ Success: 50, ❌ Failed: 0

📦 Batch 3/36 (items 101-150)
  ✅ Success: 50, ❌ Failed: 0

📦 Batch 4/36 (items 151-200)
  ✅ Success: 50, ❌ Failed: 0

📦 Batch 5/36 (items 201-250)
  ✅ Success: 50, ❌ Failed: 0

📦 Batch 6/36 (items 251-300)
  ✅ Success: 50, ❌ Failed: 0

📦 Batch 7/36 (items 301-350)
  ✅ Success: 50, ❌ Failed: 0

📦 Batch 8/36 (items 351-400)
  ✅ Success: 50, ❌ Failed: 0

📦 Batch 9/36 (items 401-450)
  ✅ Success: 50, ❌ Failed: 0

📦 Batch 10/36 (items 451-500)
  ✅ Success: 50, ❌ Failed: 0

📦 Batch 11/36 (items 501-550)
  ✅ Success: 50, ❌ Failed: 0

📦 Batch 12/36 (items 551-600)
  ✅ Success: 50, ❌ Failed: 0

📦 Batch 13/36 (items 601-650)
  ✅ Success: 50, ❌ Failed: 0

📦 Batch 14/36 (items 651-700)
  ✅ Success: 50, ❌ Failed: 0

📦 Batch 15/36 (items 701-750)
  ✅ Success: 50, ❌ Failed: 0

📦 Batch 16/36 (items 751-800)
  ✅ Success: 50, ❌ Failed: 0

📦 Batch 17/36 (items 801-850)
  ✅ Success: 50, ❌ Failed: 0

📦 Batch 18/36 (items 851-900)
  ✅ Success: 50, ❌ Failed: 0

📦 Batch 19/36 (items 901-950)
  ✅ Success: 49, ❌ Failed: 1

📦 Batch 20/36 (items 951-1000)
  ✅ Success: 50, ❌ Failed: 0

📦 Batch 21/36 (items 1001-1050)
  ✅ Success: 50, ❌ Failed: 0

📦 Batch 22/36 (items 1051-1100)
  ✅ Success: 50, ❌ Failed: 0

📦 Batch 23/36 (items 1101-1150)
  ✅ Success: 50, ❌ Failed: 0

📦 Batch 24/36 (items 1151-1200)
  ✅ Success: 50, ❌ Failed: 0

📦 Batch 25/36 (items 1201-1250)
  ✅ Success: 50, ❌ Failed: 0

📦 Batch 26/36 (items 1251-1300)
  ✅ Success: 50, ❌ Failed: 0

📦 Batch 27/36 (items 1301-1350)
  ✅ Success: 50, ❌ Failed: 0

📦 Batch 28/36 (items 1351-1400)
  ✅ Success: 50, ❌ Failed: 0

📦 Batch 29/36 (items 1401-1450)
  ✅ Success: 50, ❌ Failed: 0

📦 Batch 30/36 (items 1451-1500)
  ✅ Success: 50, ❌ Failed: 0

📦 Batch 31/36 (items 1501-1550)
  ✅ Success: 50, ❌ Failed: 0

📦 Batch 32/36 (items 1551-1600)
  ✅ Success: 50, ❌ Failed: 0

📦 Batch 33/36 (items 1601-1650)
  ✅ Success: 50, ❌ Failed: 0

📦 Batch 34/36 (items 1651-1700)
  ✅ Success: 50, ❌ Failed: 0

📦 Batch 35/36 (items 1701-1750)
  ✅ Success: 50, ❌ Failed: 0

📦 Batch 36/36 (items 1751-1777)
  ✅ Success: 27, ❌ Failed: 0

📊 Import Complete:
✅ Successful: 1776
❌ Failed: 1
⏭️ Skipped: 0

👥 Unique user IDs found:
  67f8b1decc4e8dea2d571302
  67f8b215cc4e8dea2d571303
  67f8b275e658d3b0113c3955
  67f8b6160ddcca41636cd580
  67f8b6400ddcca41636cd581
  67f8b65b0ddcca41636cd582
  67fa043d8963d96c7638eea1
  67fa04c8caef1e35151e3bca
  67fa0541c98ae24b7b0b622e
  67fa05c1d45f000de605855b
  67fd865b73985e02707d5392
  67fda646b7f60b13cb529a38
  67fda90cf78d7afe22509c01
  68042a9487dd5f7d42ddfa21
  6804376b98f372302b635c2d
  68045d873ad67e803a9b588e
  6806aa9c58dd19049259dd17
  680bc02c350fbc0b4aabc291
  680d6e829ebdfa66c5745ba7
  680d6eae8452788f7ccd4283
  680d70d56c8fc461bc5b24d9
  681ad05d50035136a29baa0f
  681ad092ddbcac19f6c729a7
  681ad0bbf29b815cbea5e90c
  681af8703eab770493cfd808
  681af87a3e97d118ec9fb3bc
  681af8c33e97d118ec9fb3c0
  681af8c43e97d118ec9fb3c1
  681af8ed3eab770493cfd816
  681afa842ed2d49444138bbb
  681afab80c1d793c08dcd412
  681b6cd424a0c126a2ae4954
  681b6cfdbe425763957bb74e
  681b6d27be425763957bb74f
  681b6d593e97d118ec9fb52f
  681b6dac3e97d118ec9fb53f
  681b6dac3e97d118ec9fb540
  681b6dd8be425763957bb75a
  681b70c6558ad963826c420a
  681bd19a191353822dfeaf46
  681bd1e1a22ddac10ad990ca
  681bd2f0a22ddac10ad990cc
  681cbf7cc102fd45266b9fea
  681cc039e62d0f811fef486c
  681cc05be62d0f811fef486d
  681cc089e62d0f811fef486e
  681d77fbcdbb93b3561aa3a4
  681d7831518a66d8235c06ed
  681d7855518a66d8235c06ee
  681d78615ec159386338f0b5
  681d78925ec159386338f0b9
  681d78935ec159386338f0ba
  681d78bf518a66d8235c06f7
  68210d489ddbb8fdfccbd64e
  68210d689ddbb8fdfccbd64f
  68210dcad051ce1e49f24b99
  68210dd6fb2bbb3263439ee2
  68210ffd8230b112b06fbae6
  682257632697a3a45795b208
  6822578fdac83dae2c6531e3
  6822579f839f5fd5176029ac
  682257c4dac83dae2c6531e4
  682257dbdac83dae2c6531ed
  6822582fdac83dae2c6531ee
  682401ce30c2f272b802c2ae
  682401f730c2f272b802c2af
  6824021a0c581ae29a2cdd52
  6824021c0c581ae29a2cdd53
  682402280c581ae29a2cdd57
  6824032930c2f272b802c2cc
  6838007d2256da7ce3d85cf7
  683800a02256da7ce3d85cf8
  683800f68514c455ca81ab67
  683800f88514c455ca81ab6a
  68380120cda833bfb58e2f71
  68380196cda833bfb58e2f80
  683801a58514c455ca81ab88
  683801dacda833bfb58e2f92
  6838025dc6cb9b87e651a765
  683802a9c6cb9b87e651a766
  683802c8c6cb9b87e651a767
  683802f3c6cb9b87e651a768
  683803f6cda833bfb58e2f9b
  6838042dcda833bfb58e2f9d
  68380462cda833bfb58e2f9f
  683806b58514c455ca81abd9
  683809b937133c1dc1ad9903
  68380a3141b8bb10ba012fee
  68380a4241b8bb10ba012fef
  68380a5441b8bb10ba012ff0
  68380a7f41b8bb10ba012ff1
  68380a9141b8bb10ba012ff2
  68380abe41b8bb10ba012ff3
  68380ad041b8bb10ba012ff5
  68380e4937133c1dc1ad9937
  68380f292935a5cb4f0cafbd
  68380f402935a5cb4f0cafbf
  68380f5b2935a5cb4f0cafc1
  683810af9299281de8e73cc8
  683810c59299281de8e73cca
  683810df9299281de8e73ccc
  683811879b68a06e009a8127
  6838119e9b68a06e009a8128
  683811b59b68a06e009a8129
  683814ba2406c37505afb2b7
  683814f32406c37505afb2b9
  6838153e2406c37505afb2ba
  68387946cf2589ce4d2f07d9
  6838795bcf2589ce4d2f07da
  6838796ecf2589ce4d2f07db
  68387995cf2589ce4d2f07dc
  68387c5901f60a9e9a28bf0a
  68387c7001f60a9e9a28bf0b
  68387c8001f60a9e9a28bf0c
  68387cbd887bea9c0bdf0486
  68387e018514c455ca81afcb
  68387e038514c455ca81afcc
  683917c9bcd48053dce62a7b
  684817f8161940dada09abe6
  68481813161940dada09abe7
  68481834161940dada09abe8
  6848184e161940dada09abe9
  68481867161940dada09abea
  684818a47d485d28fa82d97a
  684818d962e9253afe193ec4
  684818dd62e9253afe193ec5
  6848c0032c628f52b316cebc
  6848c0382c628f52b316cebd
  6848c0a22c628f52b316cec0
  6848c0b12c628f52b316cec1
  6848c0bd2c628f52b316cec2
  6848c0c82c628f52b316cec3
  6848c0fdee43fd6f27a4d599
  6848c15d812d0194b98a71f0
  6848c1cfee43fd6f27a4d59e
  6848c1faee43fd6f27a4d5a7
  6848c20ab515b7059ec206b3
  6848c261b515b7059ec206b4
  6848c26eb515b7059ec206b5
  6848c27cb515b7059ec206b6
  6848c35f812d0194b98a7222
  6848c79e30b03527931f1929
  6848c7d530b03527931f1932
  6848c7f228f3aaae223d53ef
  684a1379c1ce8314da3b264b
  684a138ac1ce8314da3b264c
  684a139ac1ce8314da3b264d
  684a13abc1ce8314da3b264e
  684a1464efe84a4c5a42fed3
  684a14a4efe84a4c5a42fed4
  684a14eeefe84a4c5a42fed5
  684a1532efe84a4c5a42fed6
  684a15752e7441762b73f5d3
  684a15852e7441762b73f5d4
  684a15962e7441762b73f5d5
  684a15d3af5bdc66fe2d812f
  684a1617af5bdc66fe2d8130
  684a165caf5bdc66fe2d8131
  684a181c5aab7a2f406e64ce
  684a19485aab7a2f406e64cf
  684b06639da7cd901c55e6e8
  684b06749da7cd901c55e6e9
  684b06909da7cd901c55e6ea
  684b06a29da7cd901c55e6eb
  684b06b39da7cd901c55e6ec
  684b06c49da7cd901c55e6ed
  684b0729bfbc0a4037f684f4
  684b0775bfbc0a4037f684f5
  685192a620ac95f59dab5d87
  685192e34d3788bed9d39f2e
  685539cdb9ee25d4ceabbfa1
  685539d7b9ee25d4ceabbfa2
  685539e2b9ee25d4ceabbfa3
  685539ecb9ee25d4ceabbfa4
  68553a26c65224dac2a71449
  68553a319b39eea36e44f9ed
  68553a319b39eea36e44f9ee
  68553b2d651276e57b890f94
  68558bd3d44cb4b0b5db7abc
  68558be1d44cb4b0b5db7abd
  68558befd44cb4b0b5db7abe
  68558bfdd44cb4b0b5db7abf
  68558dc3f10826f0acf154c4
  68558dde9f959ec94a4473ca
  68558e0b9f959ec94a4473ce
  68558e0b9f959ec94a4473cf
  68558e4f714b9611d8312511
  6858385cb779c015a243a6a3
  68583e8157b6d6392814be33
  68583e8f57b6d6392814be34
  68583e9e57b6d6392814be35
  68583eac57b6d6392814be36
  68583eba57b6d6392814be37
  68583efccf89509a76fe6bed
  68585bbf728ec13fbb78e3e7
  68588111dbcf9838041f12f8
  6858811cdbcf9838041f12f9
  68588127dbcf9838041f12fa
  68588135dbcf9838041f12fb
  68588142dbcf9838041f12fc
  6858814ddbcf9838041f12fd
  68588163dbcf9838041f12fe
  68588170dbcf9838041f12ff
  685881cea9613e60550ce649
  685881daa9613e60550ce64a
  685881e6a9613e60550ce64b
  685881f3a9613e60550ce64c
  68588201a9613e60550ce64d
  6858820ea9613e60550ce64e
  6858821ba9613e60550ce64f
  68588229a9613e60550ce650
  68588270a9613e60550ce651
  6858827fa9613e60550ce653
  6858828da9613e60550ce654
  6858829ba9613e60550ce655
  685882aba9613e60550ce656
  685882b9a9613e60550ce658
  685882c8a9613e60550ce65a
  685882d7a9613e60550ce65b
  6858835ba9613e60550ce663
  6858836ca9613e60550ce664
  6858837aa9613e60550ce665
  68588388a9613e60550ce666
  68588398a9613e60550ce667
  685883a6a9613e60550ce668
  685883b6a9613e60550ce669
  685883c4a9613e60550ce66a
  685883d3a9613e60550ce66b
  685883e1a9613e60550ce66c
  685f760eba6054bfd8317a7b
  685f761e7cb0eee382cc68fb
  685f762e7cb0eee382cc68fc
  685f763e7cb0eee382cc68fd
  685f764d7cb0eee382cc68fe
  685f765e7cb0eee382cc68ff
  68634a80dbc3c26dcca99482
  68634af7740647114d09ee58
  686352d24de5bb6256ebc60a
  686352dc4de5bb6256ebc60b
  686353a3ff68750eaf9ee0c9
  6863545e0faf8f752095088e
  6863546b0faf8f752095088f
  686354790faf8f7520950890
  686354870faf8f7520950891
  686354950faf8f7520950892
  6863559b0faf8f7520950893
  686355aa0faf8f7520950894
  686357080faf8f7520950895
  686358ac412a78416431d421
  686358b8412a78416431d422
  686358ca412a78416431d423
  68635a42412a78416431d426
  68635b9f412a78416431d427
  68635bbe412a78416431d428
  68635bcc412a78416431d429
  68635bd6412a78416431d42a
  68635be4412a78416431d42b
  68635bf3412a78416431d42c
  68635c02412a78416431d42d
  68635c9f51eeddf86103fcfc
  68635cac51eeddf86103fcfd
  68635cba51eeddf86103fcfe
  68635fba37fc3d4fe80aed86
  6863625ab98b9fe5a8b80a2b
  68636852efc22bdf52cad9cd
  6863685cefc22bdf52cad9ce
  68636867efc22bdf52cad9cf
  686368a8efc22bdf52cad9d0
  686368b1efc22bdf52cad9d1
  686368bcefc22bdf52cad9d2
  6863691ada051854ef212191
  68636db734cff802d8bdade0
  68636e864fcf4cfcf054c120
  68636e8e4fcf4cfcf054c121
  68636ebe4fcf4cfcf054c123
  68636eed4fcf4cfcf054c125
  686371d62a41012d1e76b9b0
  686371e62a41012d1e76b9b1
  686371f62a41012d1e76b9b2
  686372052a41012d1e76b9b3
  68637571686be6c905d41b68
  6863757f686be6c905d41b69
  6863758a686be6c905d41b6a
  68637599686be6c905d41b6b
  686375a6686be6c905d41b6c
  686375b3686be6c905d41b6d
  686375c0686be6c905d41b6e
  686375ce686be6c905d41b6f
  686375db686be6c905d41b70
  686375e9686be6c905d41b71
  686375f8686be6c905d41b72
  68637621299a88a59d77fea6
  68637807299a88a59d77fea7
  686378a9299a88a59d77feb5
  68637c827251c678394b1919
  68637c8d34cff802d8bdae76
  68637c8d34cff802d8bdae77
  68637cc27d26b14470288f4b
  68637ff22f34fe846e7e8661
  68637ff8b7d7a91553115765
  6863819fa09518f7ca5d7503
  686381dca09518f7ca5d750d
  686381e816b7a5a1e2c0d415
  686381f816b7a5a1e2c0d416
  68638312272301c233e47a7f
  6863834be8a630995ab2e37a
  6863839516b7a5a1e2c0d419
  686384db16b7a5a1e2c0d41b
  6863863716b7a5a1e2c0d41d
  6863864b34cff802d8bdaf03
  686386d810f1879bf3b9e71c
  6863873616b7a5a1e2c0d41e
  6863875234cff802d8bdaf0f
  6863875534cff802d8bdaf10
  6863879786ac96eb23b473fe
  686387babb1d9a8a3a587b88
  686387cfbb1d9a8a3a587b89
  686388119c698c7bb5565953
  686388fa9c698c7bb556595c
  68644ef6e72abd0f59753af6
  68644f0fe72abd0f59753afa
  686456d9e72abd0f59753b02
  6864d429f372d36c6fb0a33b
  6864d43ff372d36c6fb0a33f
  6864d45cf372d36c6fb0a343
  6864d472f372d36c6fb0a347
  6864d488f372d36c6fb0a34b
  6864d49df372d36c6fb0a34f
  6864d4b4f372d36c6fb0a357
  6864d4e0f372d36c6fb0a35c
  6864d50cf372d36c6fb0a364
  6864d70c778ba89be8a3ccc7
  6864e468f372d36c6fb0a377
  6864e483f372d36c6fb0a380
  6864e485f372d36c6fb0a381
  6865b8d7a9f211f9b3e7bc92
  6865b901a9f211f9b3e7bca2
  6865b902a9f211f9b3e7bca3
  6865b930a9f211f9b3e7bcb3
  6865b936a9f211f9b3e7bcb5
  6865b957a9f211f9b3e7bcc5
  6865b959a9f211f9b3e7bcc6
  6865b971a9f211f9b3e7bcd3
  6865b98aa9f211f9b3e7bcdb
  6865b9a8a9f211f9b3e7bce4
  6865b9bea9f211f9b3e7bcee
  6865b9cda9f211f9b3e7bcf5
  6865ba4aa9f211f9b3e7bd16
  6865ba74a9f211f9b3e7bd25
  6865bb30c02061a8344bfe9b
  6865bb4bc02061a8344bfe9d
  6865bb6bc02061a8344bfe9e
  6865bb85c02061a8344bfe9f
  6865bc7308dd705e5d5bb459
  6865bc8908dd705e5d5bb45a
  6865bca108dd705e5d5bb45b
  6865bd0da9f211f9b3e7bdf6
  6865bd0da9f211f9b3e7bdf7
  6865bd1da9f211f9b3e7be00
  6865bd5477b011842ec894aa
  6865bdb277b011842ec894ac
  6865bdca77b011842ec894af
  6865bde4a9f211f9b3e7be38
  6865be1aa9f211f9b3e7be47
  6865be4aa9f211f9b3e7be5a
  6865be74df42fd4544a04f8c
  6865be98df42fd4544a04f8e
  6865beaedf42fd4544a04f8f
  6865bec1df42fd4544a04f90
  6865becfdf42fd4544a04f91
  6865bedfdf42fd4544a04f92
  6865bef1df42fd4544a04f93
  6865bf0cdf42fd4544a04f94
  6865bf1ba9f211f9b3e7bea7
  6865bf34df42fd4544a04f95
  6865bfe2aff8a774722dbe5a
  6865c088a9f211f9b3e7bf07
  6865c0aca9f211f9b3e7bf1c
  6865c0cda9f211f9b3e7bf2e
  6865c24daff8a774722dbe64
  6865c3beaff8a774722dbe65
  6865c529aff8a774722dbe66
  6866044216adda3b1ee4b399
  6866045916adda3b1ee4b39a
  6866047416adda3b1ee4b39b
  6866048c16adda3b1ee4b39c
  6866049a16adda3b1ee4b39d
  686604a916adda3b1ee4b39e
  686604b816adda3b1ee4b39f
  686604c7a669e6e3fc003782
  686604eca669e6e3fc003786
  686604eea669e6e3fc003787
  686607e08e3de654fe2c9812
  686607f48e3de654fe2c9813
  686608108e3de654fe2c9814
  686608afa669e6e3fc0037d6
  686608baa669e6e3fc0037da
  686608db7793784e0ae0de60
  686609e1af09be0ee07d7497
  686609f2af09be0ee07d7498
  68660a04af09be0ee07d7499
  68660a14af09be0ee07d749a
  68660a27af09be0ee07d749b
  68660afff9717116e3561ec2
  68660b1ef9717116e3561ec3
  68660b5bf9717116e3561ec4
  68660b79f9717116e3561ec5
  68660b9df9717116e3561ec6
  68660cd1a19af9f90b12cb9f
  68660cfaa19af9f90b12cba0
  68660d12a19af9f90b12cba1
  68660d39a19af9f90b12cba2
  68660d51a19af9f90b12cba3
  68660f1f6394ac03b5a0ecfa
  68660f3b6394ac03b5a0ecfb
  68660f4f6394ac03b5a0ecfc
  68660f626394ac03b5a0ecfd
  68660f746394ac03b5a0ecfe
  6866110843597a63e2c5f197
  6866111f43597a63e2c5f198
  6866113b43597a63e2c5f199
  6866115143597a63e2c5f19a
  6866117443597a63e2c5f19b
  686614bea669e6e3fc003d23
  6866150aa669e6e3fc003d4c
  68661539e17044ed570ca876
  68661550e17044ed570ca877
  68661568e17044ed570ca878
  6866157fe17044ed570ca879
  68661593e17044ed570ca87a
  68661b74a669e6e3fc004273
  68661bc1a669e6e3fc0042cd
  68661bd8a669e6e3fc0042e5
  68661c00a669e6e3fc00430f
  68661c05a669e6e3fc004317
  68662568158290d1c73193df
  6866267092726781d5259bdb
  6866268a92726781d5259bdc
  686626a692726781d5259bdd
  6866275da669e6e3fc004e20
  6866276da669e6e3fc004e33
  68662931d184193a5a389400
  6866294bd184193a5a389401
  68662960d184193a5a389402
  68662977d184193a5a389403
  6866299e2a80ace2c881dc63
  68662a19ee3a6b822b770c25
  68662a3dee3a6b822b770c26
  68662a58ee3a6b822b770c27
  68662a76ee3a6b822b770c28
  68662a92ee3a6b822b770c29
  68662b61bef1a0f0b4abcf17
  68662b7bbef1a0f0b4abcf18
  68662b8ebef1a0f0b4abcf19
  68662b9ebef1a0f0b4abcf1a
  68662baebef1a0f0b4abcf1b
  68662bc3bef1a0f0b4abcf1c
  68662bd3bef1a0f0b4abcf1d
  6866f530538cba609863db28
  6866f549538cba609863db29
  6866f633f11f548843b2750e
  6866f64ef11f548843b2750f
  6867629a649c2b53a2a9b525
  68676a6a081cabfb08004d37
  68676a6d081cabfb08004d38
  68676a7a081cabfb08004d39
  68676a7c081cabfb08004d3a
  68676a8a081cabfb08004d3b
  68676a91081cabfb08004d3c
  68676a9b081cabfb08004d3d
  68676aa1081cabfb08004d3e
  68676c13459421cc8fe945b9
  6867747d9bfad1f6a72d7f48
  68678be09bfad1f6a72d7f6c
  6868d57c543f30ff6c371f0c
  6868d594543f30ff6c371f0d
  6868d5e920b53ec2da274e21
  6868d97c75a378dbb62edde5
  6868d98e75a378dbb62edde6
  6868dc75814fed13934d69a5
  6869e540b2dc0ea071a4e24c
  6869ff5b78166bc10a23b90f
  6869ff7878166bc10a23b910
  6869ffb278166bc10a23b911
  686a028a584d67ff415e8210
  686a02fbeba222d64c50879b
  686a073f0cf63a9faf1edd3d
  686a07640cf63a9faf1edd3e
  686a07790cf63a9faf1edd3f
  686a07900cf63a9faf1edd40
  686a07a70cf63a9faf1edd41
  686a0d2e0446e382d4e14f73
  686a0d3f0446e382d4e14f74
  686a0d500446e382d4e14f75
  686a0e070446e382d4e14f76
  686a0e5b2b02ffb482612080
  686a0e742b02ffb482612081
  686a0e8e2b02ffb482612082
  686a0ea72b02ffb482612083
  686a0fd150934480d155859a
  686a0fea50934480d155859b
  686a100250934480d155859c
  686a13b6835bbf586e929e34
  686a13e56f97045cd55ded1b
  686a14056f97045cd55ded1c
  686a14853b9d47102102ce57
  686a1fddeabe5b017a565cdb
  686a1fdeeabe5b017a565cdc
  686b353c0c898213fd774dfd
  686b354399f842c1ac11a29e
  686b35860c898213fd774e09
  686b36628df9e6172e7d8107
  686b366c99f842c1ac11a2c4
  686b369f8df9e6172e7d8112
  686b3848cb56efc1be223561
  686b385699f842c1ac11a2f3
  686b3893cb56efc1be223571
  686b39b45e0ecd6d038206fd
  686b39c499f842c1ac11a306
  686b39f65e0ecd6d0382070a
  686b3bffa1fc83996f77d97f
  686b3c72a1fc83996f77d980
  686b3c8399f842c1ac11a315
  686b3ca599f842c1ac11a319
  686b3ca599f842c1ac11a31a
  686b3cdda1fc83996f77d989
  686b3fe8a2a4064a0d5fb806
  686b4039a2a4064a0d5fb80a
  686b404999f842c1ac11a332
  686b408999f842c1ac11a336
  686b408c99f842c1ac11a337
  686b40e51d352829655e6578
  686b42817836b6e3ec1f24b9
  686b42b27836b6e3ec1f24ba
  686b42e47836b6e3ec1f24bc
  686b42f499f842c1ac11a349
  686b438299f842c1ac11a34d
  686b438499f842c1ac11a34e
  686b43d6cfdfe3db117d84f4
  686b495d4665ee5ce4a37194
  686b49894665ee5ce4a37196
  686b499999f842c1ac11a35d
  686b49c899f842c1ac11a361
  686b49cb99f842c1ac11a362
  686b4a0a1eaa2ad50f6eacb8
  686b4bb4231d3870520da3d7
  686b4bc8231d3870520da3d8
  686b4beb231d3870520da3d9
  686b4c7e231d3870520da3ee
  686b4c9099f842c1ac11a377
  686b4cb099f842c1ac11a37b
  686b4cb399f842c1ac11a37c
  686b4ce1231d3870520da3f7
  686b4e494e68ff716cc81a6f
  686b4e644e68ff716cc81a70
  686b4e7a4e68ff716cc81a71
  686b4edc4e68ff716cc81a7a
  686b4ef099f842c1ac11a391
  686b4f1099f842c1ac11a395
  686b4f1399f842c1ac11a396
  686b4f5dadee87e60dd91bb0
  686b4fc9f7eba94b3cbc41a0
  686b4fdff7eba94b3cbc41a1
  686b4ff2f7eba94b3cbc41a2
  686b5004f7eba94b3cbc41a3
  686b5017f7eba94b3cbc41a4
  686b5091f7eba94b3cbc41ad
  686b50ac99f842c1ac11a3b1
  686b50db99f842c1ac11a3b5
  686b50dd99f842c1ac11a3b6
  686b513bbfb7aab26f08febc
  686b514fbfb7aab26f08febd
  686b5169bfb7aab26f08febe
  686b51acbfb7aab26f08febf
  686b51c1bfb7aab26f08fec0
  686b51d5bfb7aab26f08fec1
  686b51e8bfb7aab26f08fec2
  686b51fbbfb7aab26f08fec3
  686b52dcbfb7aab26f08fed8
  686b52f899f842c1ac11a3d7
  686b532799f842c1ac11a3db
  686b532b99f842c1ac11a3dc
  686b53727f5798159319ea66
  686b550b0610b1549e4dff86
  686f02e0b7e5f86d311b7b69
  686fe3ade81db0eaf52179a9
  686fe3bee81db0eaf52179aa
  686fe3d5e81db0eaf52179ab
  686fe5e0c823b5671d9bcc11
  686fe7153f455d6397c73574
  686fe72d3f455d6397c73575
  686fe7493f455d6397c73576
  686fe7743f455d6397c73577
  686fe7863f455d6397c73578
  686fe79b3f455d6397c73579
  686fe7b03f455d6397c7357b
  686febd31274fe46351111dd
  6873f3432c844a18598bfbd2
  6873f35b2c844a18598bfbd3
  6873f3742c844a18598bfbd4
  6873f3c9bb76a7916e1c05af
  6873f4303c59261851e8f276
  6873f50e3c59261851e8f277
  68798d9f5b2c08120d7a9f07
  68799e5e2712314f5a8c01dd
  6879a095d13a5a9377bf0a06
  6879a4bd922bfc87e0412def
  6879b4730a29e790cb45214c
  6879b4810a29e790cb45214d
  6879b4930a29e790cb45214e
  6879b4a30a29e790cb45214f
  6879b511f1d6e0d81fbe405b
  6879b52ff1d6e0d81fbe405e
  6879b54ef1d6e0d81fbe405f
  6879b563f1d6e0d81fbe4060
  6879b608c7efbc5fc8870e67
  6879b839c7efbc5fc8870e6b
  6879b86963bd6ca3f6124c6c
  6879b88363bd6ca3f6124c6d
  6879beb9356442e8b016907c
  6879c13c356442e8b016907d
  6879c9b800bb751e41b43baf
  6879c9d000bb751e41b43bb0
  6879ca0700bb751e41b43bb1
  6879ca2400bb751e41b43bb2
  6879cc7400bb751e41b43bb3
  6879cc9000bb751e41b43bb4
  687a64d8521ecdf9399b543f
  687a64ea521ecdf9399b5440
  687a64fb521ecdf9399b5441
  687c569879b0fd2195459857
  687c56c879b0fd2195459858
  687c573a79b0fd2195459859
  687c581068c1d121e852573f
  687c587f48b079a72e65f2ed
  687c58a848b079a72e65f2f6
  687c590a48b079a72e65f2f7
  687c596848b079a72e65f2f8
  687c59ab48b079a72e65f309
  687c5a8168c1d121e8525754
  687c5b0624c3b47dbef956b3
  687c5b6924c3b47dbef956b4
  687c5ba524c3b47dbef956b5
  687c5bbe24c3b47dbef956b6
  687c5bcd68c1d121e8525768
  687c5bd624c3b47dbef956b7
  687c5c2b24c3b47dbef956c8
  687c5c3824c3b47dbef956c9
  687c5c9f24c3b47dbef956ca
  687c5d0624c3b47dbef956cb
  687c5d5424c3b47dbef956d8
  687c601068c1d121e8525782
  687c6098189854da2954e0ad
  687c6111189854da2954e0ae
  687c6177189854da2954e0af
  687c61c4189854da2954e0c0
  687c6306a582984edf64c17f
  687c635ca582984edf64c180
  687c63a6a582984edf64c181
  687c664b68c1d121e852579f
  687c664b68c1d121e85257a0
  687c66cabdcb625d2cfff0cf
  687c672fbdcb625d2cfff0d0
  687c6797bdcb625d2cfff0d1
  687c681fbdcb625d2cfff0ee
  687c683568c1d121e85257b0
  687c6873bdcb625d2cfff0f7
  687c690068c1d121e85257b9
  687c695ce696d1bb0f648d3f
  687c69d3e696d1bb0f648d40
  687c6a3ee696d1bb0f648d41
  687c6aa7e696d1bb0f648d42
  687c6b04e696d1bb0f648d53
  687c6b85e696d1bb0f648d54
  687c6ba4e696d1bb0f648d55
  687c6bc5e696d1bb0f648d56
  687c6c1be696d1bb0f648d5f
  687c7253cb1f75e0b1b65a03
  687c72c2cb1f75e0b1b65a04
  687c732acb1f75e0b1b65a05
  687c737f68c1d121e85257e3
  687c737fa23a4693731ba59a
  687c739068c1d121e85257e7
  687c73e46a5a19e85274216e
  687c76bf7d763c8a9aed8346
  687c76d97d763c8a9aed8347
  687c76f07d763c8a9aed8348
  687c77137d763c8a9aed8349
  687c772a7d763c8a9aed834a
  687c7763a23a4693731ba5b5
  687c7768a23a4693731ba5b6
  687c7773a23a4693731ba5ba
  687c789497c1d5748bc1449b
  687c7c56a23a4693731ba5f7
  687c7c8ca23a4693731ba5fb
  687c7c90a23a4693731ba5fc
  687c7cb83596d35ee1b24db8
  687c7cd23596d35ee1b24db9
  687c7cea3596d35ee1b24dba
  687c7d143596d35ee1b24dbb
  687c7dc33596d35ee1b24dc8
  687d13f60535ecba807b1a5c
  687d140c0535ecba807b1a5d
  687d1b4a0535ecba807b1a5f
  687d41eeffc7b427b12a4f70
  687d4214ffc7b427b12a4f71
  687d4231ffc7b427b12a4f72
  687d4251ffc7b427b12a4f73
  687d42baffc7b427b12a4f74
  687d447f22df48aa5c236116
  687d465d35c6efbe9caddd62
  687d4adb35c6efbe9caddd63
  687d4af535c6efbe9caddd64
  687d4d47f2607cc45a0df71d
  687d7c373ace90cf40da0049
  687d7c4a3ace90cf40da004a
  687d7c5f3ace90cf40da004b
  687d7c743ace90cf40da004c
  687d7c883ace90cf40da004d
  687d7da9112fd48ba452aa7c
  687fc6f82fdb2e69c5f28f19
  687fc70f2fdb2e69c5f28f1a
  687fc7282fdb2e69c5f28f1b
  687fcb95d54910c9976ff8c0
  687fcbabd54910c9976ff8c1
  687fcbc3d54910c9976ff8c2
  687fcbd7d54910c9976ff8c3
  687fcbead54910c9976ff8c4
  687fccc0c6769509e43d9dda
  687fccd9c6769509e43d9ddb
  687fccf1c6769509e43d9ddc
  687fcd09c6769509e43d9ddd
  687fcf57a4441057f19d752d
  687fd096f1df5595a5bc750e
  687fd0c6f1df5595a5bc750f
  687fd0e9f1df5595a5bc7510
  6880068d5f67fd813f6e29c5
  688006a15f67fd813f6e29c6
  688006ba5f67fd813f6e29c7
  688006cd5f67fd813f6e29c8
  688008644356ab67195b3050
  6880087d4356ab67195b3051
  688008904356ab67195b3052
  68800a5426edddb5ee3e12be
  68800a7026edddb5ee3e12bf
  68800e6726edddb5ee3e12c0
  688014b3ff7964ed5b606af8
  688014d6ff7964ed5b606af9
  688014f5ff7964ed5b606afa
  6880159e6c3a5febd44812d3
  6880162557b81878cb7cad76
  68801c966f5817dda0af45a1
  6880479eea06273066c41ba4
  68804ef91b231a749962e89d
  6880561486c852540aad5985
  6880615ad43f72877c366caf
  688062abe4a2643db5d97546
  688064f650496f75aa4574cb
  6880673ac472bd4773a3ff72
  68806823a7327878ee481805
  688068ca9f8cda049fe417c5
  688068fa9f8cda049fe417c7
  6880691a9f8cda049fe417d0
  688069649f8cda049fe417d1
  6880697f81be40633e4bf0da
  688069bc9f8cda049fe417d2
  688069d79f8cda049fe417e1
  688069dd9f8cda049fe417e4
  68806a8b66a20623bb492dd1
  68806c7f695b48fd5b9080f6
  68806d3c81be40633e4bf113
  68806db7e906f60aabe0e6df
  68806de3e906f60aabe0e6e8
  688072dae88fc51acc0612ca
  68807314f2e5d5d15e2d2b51
  6880733381be40633e4bf149
  68807349f2e5d5d15e2d2b5a
  68807451f2e5d5d15e2d2b5b
  6880855fc2c57e2f6f2ec252
  6880857481be40633e4bf166
  688085e8c2c57e2f6f2ec253
  68808662c2c57e2f6f2ec254
  688086d1f6b401ef36d98244
  68808747f6b401ef36d98245
  6880876381be40633e4bf176
  688087d0f6b401ef36d98246
  688087f3f6b401ef36d9824f
  68808836f6b401ef36d98258
  68808857f6b401ef36d98261
  688088bc81be40633e4bf188
  688089ed1119722d66d37c43
  6881b386154c6d1b2c601a35
  6881b6787b846844851447d8
  6881b6ed69e97027511afddd
  6881b72d69e97027511afdde
  6881b9955ff11f31cab4aa7b
  6881bc2f8c1d107d1da50db0
  6881be75e57b768ab00dee98
  6881c2e0e21d18754792e8aa
  6881c300e21d18754792e8ac
  6881c325e21d18754792e8ae
  6881c343e21d18754792e8af
  6881c361e21d18754792e8b0
  6881c374e21d18754792e8b1
  6881c3b4e21d18754792e8b2
  6881c3b8e21d18754792e8b3
  6881c3e2e21d18754792e8b4
  6881c3e5e21d18754792e8b5
  6881c411e21d18754792e8b6
  6881c415e21d18754792e8b7
  6881c42ce21d18754792e8b8
  6881c5600108713594bff499
  6881c57d0108713594bff49a
  6881c5a30108713594bff49b
  6881c5b80108713594bff49c
  6881c6fe0108713594bff49d
  6881c7010108713594bff49e
  6881c7bc0108713594bff4a0
  6881c9300108713594bff4a1
  6881c9330108713594bff4a2
  6881c97c0108713594bff4a3
  6881c9800108713594bff4a4
  6881c9830108713594bff4a5
  6881c9d80108713594bff4a7
  6881ca8c0108713594bff4a8
  6881caa20108713594bff4a9
  6881cabc0108713594bff4aa
  6881cad80108713594bff4ab
  6881cc394fe935715f9722d8
  6881cc3a4fe935715f9722d9
  6881cc4b4fe935715f9722da
  6881cc644fe935715f9722db
  6881cc7a4fe935715f9722dc
  6881cd50d5517d03c9fb512a
  6881cd520108713594bff4af
  6881ce2a0108713594bff4b0
  6881ceac807bceee3b8eebe8
  6881cef2807bceee3b8eebe9
  6881cf194e3eab48340ff9ce
  6881d069be35f39f06159d2c
  6881d07dbe35f39f06159d2d
  6881d08fbe35f39f06159d2e
  6881d0adbe35f39f06159d30
  6881d110be35f39f06159d31
  6881d11bbe35f39f06159d33
  6881d145be35f39f06159d34
  6881d152be35f39f06159d35
  6881d1e8379ca82fe381dcf4
  6881d201379ca82fe381dcf5
  6881d220379ca82fe381dcf6
  6881d244379ca82fe381dcf7
  6881d258379ca82fe381dcf8
  6881d2b4e614dc16882c96a1
  6881d2d4e614dc16882c96a3
  6881d2fb053c8ea7b03ee528
  6881d313053c8ea7b03ee529
  6881d32c053c8ea7b03ee52a
  6881d34d053c8ea7b03ee52b
  6881d351053c8ea7b03ee52c
  6881d37e053c8ea7b03ee52d
  6881d3c2053c8ea7b03ee52e
  6881d416053c8ea7b03ee52f
  6881d42a053c8ea7b03ee531
  6881d4724e3eab48340ffaae
  6881d488053c8ea7b03ee532
  6881d48c053c8ea7b03ee533
  6881d4ab053c8ea7b03ee535
  6881d55f46ddeac183094ef7
  6881d5de46ddeac183094ef8
  6881d5e146ddeac183094ef9
  6881d5f246ddeac183094efb
  6881d732d5517d03c9fb512c
  6881d743a469cf7dfa2729af
  6881d775a469cf7dfa2729b0
  6881d79fa548b59ee69c40a0
  6881d7c0a548b59ee69c40a2
  6881d820a548b59ee69c40a3
  6881d92928d0a986970c30c2
  6881da90c07e129439b5badd
  6881da9ec07e129439b5badf
  6881dacdc07e129439b5bae0
  6881daf9c07e129439b5bae1
  6881db1ac07e129439b5bae2
  6881db30c07e129439b5bae3
  6881dd010c38578c791f284c
  6881dd040c38578c791f284d
  6881dd1c0c38578c791f284e
  6881dd210c38578c791f284f
  6881dd560c38578c791f2851
  6881dd780c38578c791f2852
  6881dd840c38578c791f2853
  6881dda00c38578c791f2854
  6881de5c0c38578c791f2856
  6881de610c38578c791f2857
  6881de740c38578c791f2858
  6881dea70c38578c791f285e
  6881dee5dddfe6b1eb825b6f
  6881df580c38578c791f2860
  6881df9289eace33ede1c197
  6881dfba89eace33ede1c19a
  6881dfdb89eace33ede1c19b
  6881e00b89eace33ede1c19d
  6881e07089eace33ede1c19e
  6881e07189eace33ede1c19f
  6881e0d189eace33ede1c1a1
  6881e0e389eace33ede1c1a2
  6881e0e489eace33ede1c1a3
  6881e13f89eace33ede1c1a4
  6881e1a489eace33ede1c1a5
  6881e1e389eace33ede1c1ab
  6881e20789eace33ede1c1af
  6881e20c0c38578c791f2862
  6881e22689eace33ede1c1b0
  6881e22889eace33ede1c1b1
  6881e23a58a586f568286703
  6881e28b560a14ff7bb044c4
  6881e293560a14ff7bb044c8
  6881e2c14e3eab48340ffbf4
  6881e96d0c38578c791f286b
  6881e99e4e3eab48340ffc1b
  6881ea010c38578c791f286e
  6881eaea0c38578c791f286f
  6881eafd4e3eab48340ffc27
  68827469d842da08ac141082
  688274aad842da08ac141083
  688274ba220131e5fb8084d6
  688274fad842da08ac14108c
  68827508220131e5fb8084dd
  688293b947cdc6885d3978cb
  68829740e5e9c913dee80ded
  6882a2114e027cf071545b3a
  6882a2364e027cf071545b3c
  6882a2514e027cf071545b3d
  6882a6af4e027cf071545b40
  6882a6dc4e027cf071545b41
  6882a6fc4e027cf071545b42
  6882a7134e027cf071545b43
  6882a72a4e027cf071545b44
  6882a74d4e027cf071545b45
  6882aaa858b0cc09d1b6c058
  6882aafe58b0cc09d1b6c05b
  6882ab5258b0cc09d1b6c05c
  6882acb958b0cc09d1b6c05f
  6882ad0b58b0cc09d1b6c060
  6882ad4a58b0cc09d1b6c062
  6882ad6f58b0cc09d1b6c063
  6882adc658b0cc09d1b6c065
  6882afb858b0cc09d1b6c069
  6882f4506ee02dcb34b733a1
  6882f46e6ee02dcb34b733a2
  6882f4886ee02dcb34b733a3
  6882f48c6ee02dcb34b733a4
  6882f4c76ee02dcb34b733a5
  6882f4cb6ee02dcb34b733a6
  6882f4f56ee02dcb34b733a7
  6882f5536ee02dcb34b733a8
  6882f5826ee02dcb34b733aa
  6882f5ec6ee02dcb34b733ab
  6882f5fe220131e5fb808708
  6882f6296ee02dcb34b733b5
  6882f64c6ee02dcb34b733b7
  6883bb31243a84ac062b6575
  6883bb62243a84ac062b6576
  6883cd25c016bdf4cb32b684
  6883cd47c016bdf4cb32b686
  6883cdb9c016bdf4cb32b68a
  6883ce92c016bdf4cb32b690
  6884248934d9d862d1f7acc6
  688424a234d9d862d1f7acc7
  688424bc34d9d862d1f7acc8
  688424f134d9d862d1f7acca
  6884250934d9d862d1f7accb
  6884252134d9d862d1f7accc
  688425be34d9d862d1f7acce
  688425d434d9d862d1f7accf
  688425f734d9d862d1f7acd1
  6884261234d9d862d1f7acd2
  6884267b34d9d862d1f7acd4
  688426a734d9d862d1f7acd6
  688426d234d9d862d1f7acd7
  6884286e34d9d862d1f7acda
  68842abab9a4ee9d48a565c1
  68842ad6b9a4ee9d48a565c2
  68842f1abeaa55a01efde466
  68842f32beaa55a01efde467
  68842f49beaa55a01efde468
  6884306ebeaa55a01efde469
  688433ad4cc9be2ec8c64908
  688433c64cc9be2ec8c64909
  688433da4cc9be2ec8c6490a
  6884343d4cc9be2ec8c6490b
  6884347a4cc9be2ec8c6490c
  688434be4cc9be2ec8c6490d
  68845c0fba701ae0f421f442
  68845c6bba701ae0f421f44a
  68845cd7ba701ae0f421f450
  68845d0aba701ae0f421f455
  68845d25ba701ae0f421f457
  68845dc688cab70373a815bf
  68845e5488cab70373a815c3
  68845f31832f0d8eb83a8e51
  68845f42e97dfd423b287e2d
  68845ffee97dfd423b287e2f
  68846092e97dfd423b287e32
  688460faba701ae0f421f464
  688461d4ba701ae0f421f46f
  68846206ba701ae0f421f472
  6885e06acb298f20a32727e7
  6885e09fcb298f20a32727e9
  6885e0b4cb298f20a32727ec
  6885e0d1cb298f20a32727ed
  6885e0fbcb298f20a32727ee
  6885e112cb298f20a32727ef
  6885e1a6cb298f20a32727f0
  6885e1bccb298f20a32727f1
  6885e1d0cb298f20a32727f2
  6885e1e7cb298f20a32727f3
  6885e215cb298f20a32727f5
  6885e2cdcb298f20a32727f6
  6885e3afcb298f20a32727f7
  6885e4960f69ca16b4c49abc
  6885e4af0f69ca16b4c49abd
  6885e4c90f69ca16b4c49abe
  6885e4f00f69ca16b4c49abf
  6885e8490b62420d5f8d5404
  68868bf70bb60caeb74f7cf3
  68868e720bb60caeb74f7d02
  6886911aebeab3db1e72500d
  6886928bebeab3db1e725011
  688693d0ebeab3db1e725014
  6886b91cec9601ef3f734ee7
  6886b96c9d8bb8cfbe3c75e1
  6886b97e9d8bb8cfbe3c75e2
  6886b98e9d8bb8cfbe3c75e3
  6886b99e9d8bb8cfbe3c75e4
  6886b9b29d8bb8cfbe3c75e5
  6886ba193bd10c5b6dd4eaa4
  6886baf33bd10c5b6dd4eaa5
  6886bc11e286cedbbf011fca
  6886bc59e286cedbbf011fcb
  6886bce79bc1903166f6b8ef
  6886bcfb9bc1903166f6b8f0
  6886bf68c0c0daa0615c3287
  6886bf7cc0c0daa0615c3288
  6886bf90c0c0daa0615c3289
  6886bfa6c0c0daa0615c328a
  6886bfbfc0c0daa0615c328b
  6886d436b528bef15b802b24
  6886d451b528bef15b802b25
  6886d468b528bef15b802b26
  6886d5127e5f3b1a963f94a3
  6886d5247e5f3b1a963f94a4
  6886d53e7e5f3b1a963f94a5
  68885b305eec3f98cadf467d
  68885b77eaa33a80dab39057
  68885b8aeaa33a80dab39058
  68885bb9eaa33a80dab39059
  68885bcaeaa33a80dab3905a
  68885bf7eaa33a80dab3905b
  68885c3f5eec3f98cadf468a
  68885c8f5eec3f98cadf468b
  68885d2b5eec3f98cadf468e
  6888617b87a684f29e4253b0
  688861cd87a684f29e4253b1
  6888622b87a684f29e4253b2
  6888626487a684f29e4253b3
  688862c287a684f29e4253b4
  688865b0e3880c8ffe3589e3
  688865e1c1bcac6df8fc3c4b
  688865f5c1bcac6df8fc3c4c
  6888660bc1bcac6df8fc3c4d
  6888665f714ff59259eb5dd5
  6888668d714ff59259eb5dd7
  68886b83750198e3bceae4df
  68886d7d7f62894041672a27
  68887139f082a2cffea791a9
  68887167f082a2cffea791aa
  68887179f082a2cffea791ab
  6888718bf082a2cffea791ac
  688871a6f082a2cffea791ad
  688878ec65aaf298bb9d8414
  6889544f5945fe257b1099d6
  688980f97cd46f955306cc34
  6889813c7cd46f955306cc37
  688982b17cd46f955306cc3b
  68898780f86a19b0fc6a7426
  688988b0cc61ac310d4bbbb3
  688989aef9d2c2d447007fde
  688989c7f9d2c2d447007fdf
  688989daf9d2c2d447007fe0
  688989f4f9d2c2d447007fe1
  68898c5ecc61ac310d4bbbc8
  688990c61517262f73354139
  688997de51252fc7830e0f83
  688999d051252fc7830e0f84
  68899cea51252fc7830e0f86
  68899cf651252fc7830e0f87
  68899d2c51252fc7830e0f89
  68899d4751252fc7830e0f8b
  68899d6251252fc7830e0f8d
  68899d7d51252fc7830e0f8f
  68899d9851252fc7830e0f91
  68899db951252fc7830e0f93
  68899e4551252fc7830e0f96
  68899e5151252fc7830e0f98
  68899e6351252fc7830e0f99
  688b05d35809df9c662db8c0
  688b07615809df9c662db8c1
  688b0799acafd8f9f2431c64
  688b07d05809df9c662db8c2
  688b0967acafd8f9f2431c65
  688b097aacafd8f9f2431c66
  688b098cacafd8f9f2431c67
  688b099e5809df9c662db8c3
  688b09b3acafd8f9f2431c68
  688b09c8acafd8f9f2431c69
  688b09d45809df9c662db8c4
  688b09e4acafd8f9f2431c6a
  688b0a695809df9c662db8c5
  688b0a97acafd8f9f2431c6b
  688b0aae5809df9c662db8c6
  688b0ac25809df9c662db8c7
  688b0ad9acafd8f9f2431c6c
  688b0af2acafd8f9f2431c6d
  688b0b045809df9c662db8c8
  688b0b1dacafd8f9f2431c6e
  688b10f45809df9c662db8ca
  688b1133acafd8f9f2431c71
  688b12caacafd8f9f2431c72
  688b17bcacafd8f9f2431c73
  688b2a9aacafd8f9f2431c74
  688b2aafdc2cc3dee3c8c006
  688b2acdacafd8f9f2431c75
  688b2ae0dc2cc3dee3c8c007
  688b2af4dc2cc3dee3c8c008
  688b2b18acafd8f9f2431c76
  688b2b3facafd8f9f2431c77
  688c62840b093df2ba67cffd
  688d4ddf983cd231c614521c
  688d4df1c64f8800c02028b8
  688d4e09c64f8800c02028b9
  688d4e1d983cd231c614521d
  688d4e9fc64f8800c02028bb
  688d4ee7983cd231c614521f
  688d5047c64f8800c02028bc
  688d508cc64f8800c02028bd
  688d572bc64f8800c02028be
  688d59cf983cd231c6145221
  688d6103983cd231c6145230
  688d6164c64f8800c02028d0
  688d6299983cd231c6145231
  688d62ad983cd231c6145233
  688d6340c64f8800c02028d6
  688d6368983cd231c6145237
  688d6991983cd231c614523d
  688d69aac64f8800c02028dd
  688d69bfc64f8800c02028de
  688d6a00c64f8800c02028df
  688d6c2cc64f8800c02028e4
  688d9c98983cd231c6145276
  688db3cd983cd231c6145279
  688e5ceb881fa502e69a9d64
  688e5d03fb86e131f4eaf101
  688e5d18fb86e131f4eaf102
  688e5d2dfb86e131f4eaf103
  688e65baff0a4bb25b5f4980
  688e65d678481aa684401fdc
  688e65ebff0a4bb25b5f4981
  688e8ab414051339219a8e40
  688e8ffeff0a4bb25b5f4982
  688e9011ff0a4bb25b5f4983
  688e98d614051339219a8e4d
  688e98e814051339219a8e4e
  688e98ffff0a4bb25b5f498c
  688ea38614051339219a8e57
  688ea4aeff0a4bb25b5f4994
  688f058dcd377bbc9c8322b0
  688f05a8ff0a4bb25b5f49b5
  688fa5c6dca88f50bad1ba24
  688fa7d3dca88f50bad1ba25
  688fa7eae268c56dea0fe6d0
  688fa7fee268c56dea0fe6d1
  688fd6571b794d6444f30fd3
  688fd66e1b794d6444f30fd4
  688fd7a41b794d6444f30fd5
  688ff4a51b794d6444f30fe3
  688ff4d7cab0f684a70d2a6b
  68900c3b1b794d6444f30fe8
  68900c55cab0f684a70d2a6e
  68900c74cab0f684a70d2a6f
  68900c8d1b794d6444f30fe9
  68900ca5cab0f684a70d2a70
  689012e8cab0f684a70d2a71
  6890136dcab0f684a70d2a72
  689018b11b794d6444f30feb
  689018c8cab0f684a70d2a74
  689038cf1b794d6444f30ff2
  689039bbcab0f684a70d2a7c
  68903b01cab0f684a70d2a7d
  68903bb9cab0f684a70d2a7e
  68903dfb1b794d6444f30ff3
  68903e0f1b794d6444f30ff4
  68903e2ccab0f684a70d2a7f
  689056f81b794d6444f30ff7
  6890571ecab0f684a70d2a83
  6891741ee4f40e0a9f4e33fc
  6892631c87e820ec9c3906b0
  6892748d236b00ce509a2c5e
  689274a4236b00ce509a2c5f
  689274b987e820ec9c3906b2
  689274d287e820ec9c3906b3
  6892769387e820ec9c3906b4
  689276a5236b00ce509a2c60
  689276c587e820ec9c3906b5
  689276d9236b00ce509a2c61
  689276e4236b00ce509a2c62
  6892781a236b00ce509a2c63
  6892783987e820ec9c3906b6
  6892784c236b00ce509a2c64
  6892787487e820ec9c3906b7
  68927afe236b00ce509a2c65
  68927b11236b00ce509a2c66
  68927b24236b00ce509a2c67
  68927b51236b00ce509a2c68
  68927b6a87e820ec9c3906b8
  68927ca5236b00ce509a2c69
  68927cbd87e820ec9c3906b9
  68927cd2236b00ce509a2c6a
  68927cec87e820ec9c3906ba
  68927d01236b00ce509a2c6b
  689281a987e820ec9c3906c4
  689281e787e820ec9c3906c7
  68928213236b00ce509a2c79
  6893007156cb2cf72b513cdb
  6893008756cb2cf72b513cdc
  689300bb274b7707cc5e9aa5
  689300d156cb2cf72b513cdd
  689303b556cb2cf72b513cde
  689303da274b7707cc5e9aa6
  689303fc274b7707cc5e9aa7
  68930624274b7707cc5e9aa8
  6893095e56cb2cf72b513cdf
  68931a0d56cb2cf72b513ce0
  68931a3756cb2cf72b513ce1
  68931a4f274b7707cc5e9aa9
  68931a6356cb2cf72b513ce2
  68931a7656cb2cf72b513ce3
  6893c62e274b7707cc5e9ae1
  6893c646274b7707cc5e9ae2
  6893c65a56cb2cf72b513d0d
  6893c66e56cb2cf72b513d0e
  6894d2775711396040041108
  6894d28e492d233821e9e9e0
  6894d2a05711396040041109
  6894d2b6492d233821e9e9e1
  6894d55d492d233821e9e9e2
  6894dc6c5711396040041115
  6894dc915711396040041116
  6894dcaa5711396040041117
  6894ddfa571139604004111a
  68964f0019b7de68539a6e45
  6896591919b7de68539a6e74
  68966731488b294316d673a4
  6896a97d488b294316d6741a
  6896a9d72237e7a29211edcc
  6897b00599263e13de37938b
  6897b06e99263e13de37938d
  6897b146aa2951739bab1a34
  689a12a790207ca96d4256bc
  689a12bb995d370caa001b90
  689a12cc995d370caa001b91
  689a1555995d370caa001b92
  689a760190207ca96d4257ab
  689a760e4d97ab79bf94b493
  689a763b4d97ab79bf94b494
  689a763c90207ca96d4257ac
  689a776490207ca96d4257ae
  689a77ab4d97ab79bf94b497
  689a77d94d97ab79bf94b499
  689a77f290207ca96d4257b2
  689a79474d97ab79bf94b49d
  689a798190207ca96d4257b5
  689a798c4d97ab79bf94b49f
  689a7d0290207ca96d4257b7
  689a8c4890207ca96d4257c9
  689a8d804d97ab79bf94b4bb
  689aa62909b77848ad5e49b1
  689aa64ecfdc5a0ece03582a
  689aa665cfdc5a0ece03582b
  689aa6d709b77848ad5e49b2
  689aa74b09b77848ad5e49b3
  689aa8bccfdc5a0ece03582c
  689aa8cb09b77848ad5e49b4
  689aa950cfdc5a0ece03582d
  689aadac047f4318a71a1ff8
  689abbc9cfdc5a0ece035830
  689abbd8cfdc5a0ece035831
  689abbe7cfdc5a0ece035832
  689abbf609b77848ad5e49b7
  689abc7009b77848ad5e49b8
  689abcf7cfdc5a0ece035833
  689abd42cfdc5a0ece035834
  689abd59cfdc5a0ece035835
  689abd6c09b77848ad5e49b9
  689abd9acfdc5a0ece035836
  689abe0709b77848ad5e49ba
  689ac14acfdc5a0ece035837
  689ac336cfdc5a0ece035838
  689ac7d1047f4318a71a2000
  689ac827ebdc981ee5b6a02b
  689ac83b047f4318a71a200a
  689ac851ebdc981ee5b6a031
  689ac882ebdc981ee5b6a038
  689acd99047f4318a71a200c
  689acdad047f4318a71a2014
  689ad1916a25dd5265af91fd
  689ad1a76a25dd5265af9205
  689ad327047f4318a71a2015
  689ad33f6a25dd5265af920d
  689adda06a25dd5265af920e
  689ae13304ec22b25b9b21b8
  689ae6edebdc981ee5b6a0b7
  689ae71a047f4318a71a201d
  689ae71e6a25dd5265af9215
  689ae9a039133230ddf072b8
  689ae9c16a25dd5265af921c
  689aec75047f4318a71a201f
  689aec986a25dd5265af921d
  689aecb46a25dd5265af921e
  689aecc6ebdc981ee5b6a11b
  689aed9f6a25dd5265af9227
  689aeef16a25dd5265af9228
  689af064047f4318a71a2022
  689af0766a25dd5265af9229
  689af088047f4318a71a2023
  689af0a5047f4318a71a2024
  689af0d16365b5bee556326c
  689af0f16365b5bee556326d
  689af124cfdc5a0ece035839
  689af1536365b5bee556326e
  689af1726365b5bee556326f
  689af19bcfdc5a0ece03583a
  689af37d6a25dd5265af922b
  689af44d047f4318a71a2025
  689af4f56a25dd5265af922c
  689b6b58047f4318a71a203d
  689b7ab96a25dd5265af9248
  689b7adf6a25dd5265af9249
  689b7b0e047f4318a71a203f
  689bb396a19b19b53e305185
  689bb48df33adc31fb628158
  689bb5daf33adc31fb62815a
  689bb5dba19b19b53e305187
  689c02e965992970609ac99d
  689c0611f33adc31fb62816e
  689c0c32f33adc31fb628174
  689c0c32f33adc31fb628175
  689c0c5ef33adc31fb628176
  689cc5060ad6ce1f93796936
  689cc6390ad6ce1f93796937
  689cc68e785a71f8c60ea36b
  689cc95d0ad6ce1f93796939
  689cc999785a71f8c60ea36d
  689ccaa5785a71f8c60ea36e
  689d3dc878d8ce140ee5edc1
  689d3e420ad6ce1f93796971
  689d685a0ad6ce1f93796987
  689d69aa78402bd79e2729ad
  689d69fd78402bd79e2729ae
  689d6af378402bd79e2729af
  689d6b2b78402bd79e2729b0
  689d6b570ad6ce1f93796988
  689d6b7878402bd79e2729b1
  689d72ad0ad6ce1f93796989
  689d74070ad6ce1f9379698a
  689d741c7d3ec999db9783f0
  689d744378402bd79e2729b8
  689d75ea7d3ec999db9783fb
  689d769b78402bd79e2729b9
  689d76a00ad6ce1f9379698c
  689d76d778402bd79e2729c3
  689d777978402bd79e2729c5
  689d7b5d78402bd79e2729cf
  689d7ba178402bd79e2729d0
  689d7bba78402bd79e2729d1
  689d7bdd0ad6ce1f93796998
  689d7ca57d3ec999db97847f
  689d7cf60ad6ce1f9379699b
  689d7f5a0ad6ce1f9379699e
  689d7fb80ad6ce1f9379699f
  689d81310ad6ce1f937969a0
  689d81be7d3ec999db9784a4
  689d82dc78402bd79e2729d5
  689d85e878402bd79e2729d6
  689e9a8a9224a1759bc73002
  689f67fb7295ed64daa3c45a
  689f743ab7e14ef3820ddda1
  689f7602b7e14ef3820ddda4
  689f7684b7e14ef3820ddda5
  689f9f834f3d3afe4c7dfa23
  689f9f9a2bc03f4b61ceb8a6
  689f9fba2bc03f4b61ceb8a7
  689f9fce7295ed64daa3c4d9
  689f9ff72bc03f4b61ceb8a8
  689fa0137295ed64daa3c4da
  689fa03b7295ed64daa3c4dc
  689fa05c2bc03f4b61ceb8a9
  689fa0777295ed64daa3c4de
  689fa09b2bc03f4b61ceb8ab
  689fa0e77295ed64daa3c4e0
  689fa11c2bc03f4b61ceb8ac
  689fa1567295ed64daa3c4e4
  689fa1887295ed64daa3c4e6
  689fa1c12bc03f4b61ceb8ae
  689fa1f52bc03f4b61ceb8af
  689fa2272bc03f4b61ceb8b0
  689fa2712bc03f4b61ceb8b3
  689fa2e17295ed64daa3c4f0
  689fa3027295ed64daa3c4f7
  689fa4dc7295ed64daa3c4fb
  689fa4f47295ed64daa3c4fc
  689fa5292bc03f4b61ceb8ba
  689faa642bc03f4b61ceb8bb
  689fc6f27295ed64daa3c511
  689fc7ae2bc03f4b61ceb8cb
  689fd4bac3edcd5426f155cc
  689fd97b7295ed64daa3c51c
  689fdc24c3edcd5426f155d5
  689fdf55c3edcd5426f155d6
  689fdf687295ed64daa3c51d
  689fdf81c3edcd5426f155d7
  689fdf967295ed64daa3c51e
  689fdfadc3edcd5426f155d8
  68a003867295ed64daa3c51f
  68a0050b7295ed64daa3c520
  68a00672c3edcd5426f155da
  68a0071dc3edcd5426f155dc
  68a007d17295ed64daa3c52b
  68a007f47295ed64daa3c52d
  68a007f9c3edcd5426f155e0
  68a009c37295ed64daa3c532
  68a00ee57295ed64daa3c54d
  68a0149c7295ed64daa3c559
  68a015e97295ed64daa3c55b
  68a0161bc3edcd5426f15621
  68a0179d7295ed64daa3c55c
  68a017bc7295ed64daa3c563
  68a154472efea67d6c8dd0bc
  68a171e14814f0bd8898d35e
  68a171f22efea67d6c8dd0bd
  68a172044814f0bd8898d35f
  68a172534814f0bd8898d360
  68a172b22efea67d6c8dd0be
  68a172c42efea67d6c8dd0bf
  68a172eb4814f0bd8898d361
  68a172fe2efea67d6c8dd0c0
  68a17a5b2efea67d6c8dd0c1
  68a17a9b4814f0bd8898d362
  68a17aae2efea67d6c8dd0c2
  68a17ad54814f0bd8898d363
  68a17b064814f0bd8898d364
  68a17b202efea67d6c8dd0c3
  68a193564814f0bd8898d366
  68a1937c2efea67d6c8dd0c6
  68a193904814f0bd8898d367
  68a193b12efea67d6c8dd0c7
  68a193c32efea67d6c8dd0c8
  68a193d62efea67d6c8dd0c9
  68a193e94814f0bd8898d368
  68a193fb4814f0bd8898d369
  68a214110ae75f878ee71785
  68a2143dba094786f03740c2
  68a2146b0ae75f878ee71786
  68a21482ba094786f03740c3
  68a214a2ba094786f03740c4
  68a214b50ae75f878ee71787
  68a214c90ae75f878ee71788
  68a214e20ae75f878ee71789
  68a29f253cd9bd14e626906a
  68a29f41722ede8ad2ba6449
  68a29f5e3cd9bd14e626906b
  68a29f723cd9bd14e626906c
  68a29f903cd9bd14e626906d
  68a29fcc722ede8ad2ba644a
  68a2a00d722ede8ad2ba644b
  68a2a152722ede8ad2ba644c
  68a2a183722ede8ad2ba644d
  68a2a1bf3cd9bd14e626906e
  68a2a4c7722ede8ad2ba644e
  68a2a5c9722ede8ad2ba6467
  68a2a5ecdc76fb6e9ca9d0b3
  68a2a957722ede8ad2ba6468
  68a38977722ede8ad2ba6532
  68a389d1722ede8ad2ba6533
  68a38a43722ede8ad2ba6534
  68a38a91722ede8ad2ba6535
  68a39280722ede8ad2ba6538
  68a3ac56c6bf0830ca1a6fc1
  68a3ac984e2df812785e3ee0
  68a3acc8722ede8ad2ba653a
  68a3acf23cd9bd14e626912d
  68a3acf93cd9bd14e626912e
  68a3ad20722ede8ad2ba653b
  68a3ad3a722ede8ad2ba653c
  68a3ad643cd9bd14e626912f
  68a3af6c722ede8ad2ba653d
  68a3af863cd9bd14e6269130
  68a3afa6722ede8ad2ba653e
  68a3b20b722ede8ad2ba653f
  68a3b2203cd9bd14e6269131
  68a3b239722ede8ad2ba6540
  68a3b2c03cd9bd14e6269132
  68a3b302722ede8ad2ba6541
  68a3b346722ede8ad2ba6542
  68a3ebdd24880f0c226368b3
  68a3ec16074ce98473e2fe1b
  68a3ec37074ce98473e2fe1c
  68a3ec58074ce98473e2fe1d
  68a3eccc074ce98473e2fe1e
  68a3ed1d24880f0c226368b7
  68a3ed34074ce98473e2fe1f
  68a3ee0724880f0c226368ba
  68a3ee1c24880f0c226368bb
  68a3ee7f24880f0c226368bc
  68a3eeda24880f0c226368bd
  68a3eef124880f0c226368be
  68a3ef08074ce98473e2fe20
  68a3ef5024880f0c226368bf
  68a3ef6724880f0c226368c0
  68a3ef81074ce98473e2fe21
  68a3f16124880f0c226368c1
  68a3f177074ce98473e2fe22
  68a3f193074ce98473e2fe23
  68a3f1aa24880f0c226368c2
  68a3f39d074ce98473e2fe24
  68a3f44424880f0c226368c3
  68a3f4688b2ebed46c9694f9
  68a3f4dd24880f0c226368c4
  68a3f5a924880f0c226368c5
  68a3f5ca24880f0c226368c6
  68a3f5f724880f0c226368c7
  68a3f5f924880f0c226368c8
  68a3f61f24880f0c226368c9
  68a40e468b2ebed46c969600
  68a40ee624880f0c226368d8
  68a40ff324880f0c226368db
  68a410a3074ce98473e2fe46
  68a411198b2ebed46c969626
  68a41130074ce98473e2fe48
  68a4113424880f0c226368dd
  68a41168074ce98473e2fe49
  68a4117e24880f0c226368e4
  68a4117f24880f0c226368e5
  68a411ac074ce98473e2fe4b
  68a411ff24880f0c226368e6
  68a4124124880f0c226368e7
  68a4125d074ce98473e2fe52
  68a41288074ce98473e2fe53
  68a412d9074ce98473e2fe54
  68a4131124880f0c226368e9
  68a4134b074ce98473e2fe55
  68a4138b24880f0c226368ea
  68a413c424880f0c226368eb
  68a41425074ce98473e2fe60
  68a4143b8b2ebed46c969652
  68a4143b8b2ebed46c969653
  68a4146d24880f0c226368f2
  68a4150b24880f0c226368f3
  68a4beb3f149cef776b454f8
  68a4bf04f149cef776b454fa
  68a4c4b1012d74f14ac7920f
  68a4c500012d74f14ac79210
  68a4c588012d74f14ac79212
  68a4c5f3012d74f14ac79215
  68a4cdaaf149cef776b4551c
  68a4ce67f149cef776b45521
  68a4d1e9f149cef776b4552d
  68a4d218f149cef776b4552f
  68a4d25bf149cef776b45530
  68a4f348d186d25dbe2d4d99
  68a4f382012d74f14ac792bd
  68a4f397012d74f14ac792c0
  68a4f3c0f149cef776b45595
  68a4f3d2f149cef776b45596
  68a4f3ebf149cef776b45597
  68a4f444012d74f14ac792c5
  68a4f48bf149cef776b4559a
  68a4f4c0012d74f14ac792c9
  68a4f4d7f149cef776b4559d
  68a4f4f1f149cef776b4559f
  68a4f53ff149cef776b455a1
  68a4f585f149cef776b455a5
  68a4f60b012d74f14ac792d8
  68a4f65a012d74f14ac792da
  68a4f6f0012d74f14ac792dd
  68a4f723a77337c0a47ac96d
  68a4f79d012d74f14ac792e7
  68a4f7fad186d25dbe2d4e08
  68a4f80fd186d25dbe2d4e0b
  68a4f828513d8bfa50105843
  68a4f844012d74f14ac792e8
  68a50a48513d8bfa5010587d
  68a50a86012d74f14ac79326
  68a50aa8513d8bfa50105882
  68a50ad8012d74f14ac79328
  68a50afc513d8bfa50105885
  68a50b3a513d8bfa50105887
  68a50b91513d8bfa5010588c
  68a50be2012d74f14ac79332
  68a50c3c513d8bfa50105892
  68a50cf6513d8bfa50105898
  68a50d56f9de33ac1cc787c7
  68a50de2f9de33ac1cc787cd
  68a50e2d513d8bfa501058a8
  68a512fed186d25dbe2d4fb9
  68a5131ff9de33ac1cc787d9
  68a5133ef9de33ac1cc787da
  68a5135cf9de33ac1cc787db
  68a5137a513d8bfa501058c0
  68a5139bf9de33ac1cc787dc
  68a51403513d8bfa501058c1
  68a51423f9de33ac1cc787dd
  68a51444513d8bfa501058c2
  68a51465f9de33ac1cc787de
  68a5148b513d8bfa501058c3
  68a514adf9de33ac1cc787df
  68a514ca513d8bfa501058c4
  68a51548f9de33ac1cc787e2
  68a51580f9de33ac1cc787e4
  68a51615f9de33ac1cc787e6
  68a5164ef9de33ac1cc787e8
  68a5168bf9de33ac1cc787ea
  68a516c7513d8bfa501058c9
  68a51708513d8bfa501058cb
  68a51745f9de33ac1cc787ec
  68a51799f9de33ac1cc787f6
  68a517c1d186d25dbe2d4ff5
  68a517d7d186d25dbe2d4ff8
  68a517f9f9de33ac1cc787fd
  68a5181af9de33ac1cc787fe
  68a519d37b5abf54b45df712
  68a519e4513d8bfa501058ce
  68a519fc513d8bfa501058cf
  68a51a0e513d8bfa501058d0
  68a51a22f9de33ac1cc787ff
  68a51a35513d8bfa501058d1
  68a51a48f9de33ac1cc78801
  68a51a5bf9de33ac1cc78802
  68a51a91f9de33ac1cc78803
  68a51acb513d8bfa501058d2
  68a51ae4513d8bfa501058d3
  68a51b05f9de33ac1cc78805
  68a51b1e513d8bfa501058d4
  68a51b33f9de33ac1cc78806
  68a51b49513d8bfa501058d5
  68a51b5ef9de33ac1cc78807
  68a51b73513d8bfa501058d6
  68a51ba2f9de33ac1cc78809
  68a51bdbf9de33ac1cc7880b
  68a51c05513d8bfa501058d9
  68a51c37513d8bfa501058dc
  68a51c6df9de33ac1cc78810
  68a51c96f9de33ac1cc78812
  68a51cc2f9de33ac1cc78814
  68a51d1d513d8bfa501058e1
  68a51d48513d8bfa501058e4
  68a51dc2f9de33ac1cc7881d
  68a51e4a513d8bfa501058ea
  68a51e98513d8bfa501058ec
  68a51f03f9de33ac1cc7882e
  68a51f64e43857d5f47c7dc5
  68a51f707b5abf54b45df78b
  68a51f76e43857d5f47c7dcc
  68a51f9d513d8bfa501058f5
  68a51fb7f9de33ac1cc7882f
  68a52039f9de33ac1cc78836
  68a52a26f9de33ac1cc7885f
  68a61abf11223d9af343f96a
  68a61b8511223d9af343f96b
  68a61ce111223d9af343f96c
  68a670b6fe919097570caf59
  68a670d06029b26318d9d71f
  68a670f411223d9af343f996
  68a6710b6029b26318d9d720
  68a6711211223d9af343f997
  68a671236029b26318d9d721
  68a6713911223d9af343f998
  68a671506029b26318d9d722
  68a672246029b26318d9d723
  68a672266029b26318d9d724
  68a6724411223d9af343f99b
  68a672fb6029b26318d9d726
  68a6738c6029b26318d9d727
  68a673e411223d9af343f99e
  68a6741a11223d9af343f99f
  68a6744b11223d9af343f9a0
  68a6749b6029b26318d9d732
  68a674cbfe919097570cafa5
  68a674d8fe919097570cafa9
  68a674fb6029b26318d9d739
  68a6756f11223d9af343f9a4
  68a69ebf6029b26318d9d77d
  68a69ee36029b26318d9d77e
  68a69f056029b26318d9d77f
  68a69f3711223d9af343f9e1
  68a69f5a11223d9af343f9e2
  68a69f876029b26318d9d785
  68a69fa46029b26318d9d788
  68a69fdf11223d9af343f9e4
  68a6a00c11223d9af343f9e5
  68a6a03111223d9af343f9e7
  68a6a0b36029b26318d9d78b
  68a6a0db6029b26318d9d78c
  68a6a0fd6029b26318d9d78d
  68a6a12211223d9af343f9eb
  68a6a13911223d9af343f9ec
  68a6a1656029b26318d9d78e
  68a6a1876029b26318d9d78f
  68a6a1a56029b26318d9d790
  68a6ac8e11223d9af343f9ed
  68a6acac11223d9af343f9ee
  68a6acce11223d9af343f9ef
  68a6ad006029b26318d9d7a3
  68a6ad3a6029b26318d9d7a4
  68a6ad5c6029b26318d9d7a5
  68a6adab11223d9af343f9f0
  68a6ae0111223d9af343f9f1
  68a6c932fe919097570cb370
  68a6c94c6029b26318d9d7e1
  68a6c96411223d9af343fa31
  68a6c97e6029b26318d9d7e2
  68a6c99811223d9af343fa32
  68a6c9b011223d9af343fa33
  68a6c9cc6029b26318d9d7e3
  68a6c9e66029b26318d9d7e4
  68a6ca0b11223d9af343fa34
  68a6ca256029b26318d9d7e5
  68a6ca726029b26318d9d7e6
  68a6cab811223d9af343fa35
  68a6caf16029b26318d9d7e7
  68a6cb326029b26318d9d7e8
  68a6cb706029b26318d9d7e9
  68a6cbad11223d9af343fa36
  68a6cbfb11223d9af343fa40
  68a6cc19fe919097570cb3a4
  68a6cc2bfe919097570cb3a7
  68a6cc4b6029b26318d9d7f1
  68a6cc6c11223d9af343fa42
  68a6ccfffe919097570cb3b4
  68a7583b2ffca47e98cc9088
  68a7589b14c1fa6da2de499d
  68a758c2454c620e049d694d
  68a758d6454c620e049d694e
  68a7591014c1fa6da2de499e
  68a75933454c620e049d694f
  68a7594b454c620e049d6950
  68a7597014c1fa6da2de49a0
  68a7598a454c620e049d6951
  68a75a5214c1fa6da2de49a1
  68a75a6f454c620e049d6952
  68a75acf454c620e049d6953
  68a75b1d454c620e049d6954
  68a75b5a14c1fa6da2de49a3
  68a75b92454c620e049d6955
  68a75bcc14c1fa6da2de49a4
  68a75c07454c620e049d6956
  68a75c4c14c1fa6da2de49ab
  68a75c6c14c1fa6da2de49b2
  68a75ca22ffca47e98cc90be
  68a75cb42ffca47e98cc90c1
  68a75cd014c1fa6da2de49ba
  68a75d0e454c620e049d6959
  68a7b2ad59d35084640132c0
  68a7b40a59d35084640132c1
  68a82b20c8eeb1ff50030828
  68a82b3eded22abfffaa64cc

💡 To map users to trainers, run this SQL:

-- See work counts by user
SELECT created_by_user, COUNT(*) as works
FROM agent_archives
WHERE agent_id='solienne' AND archive_type='generation'
GROUP BY created_by_user
ORDER BY works DESC;

-- Map users to trainers (example)
INSERT INTO user_trainer_map (user_id, trainer_id) VALUES
  ('USER_ID_HERE', 'kristi'),
  ('USER_ID_HERE', 'seth')
ON CONFLICT DO NOTHING;

-- Apply trainer mapping
UPDATE agent_archives a
SET trainer_id = m.trainer_id
FROM user_trainer_map m
WHERE a.created_by_user = m.user_id
  AND a.trainer_id IS NULL;
    
